0 info it worked if it ends with ok
1 verbose cli [ 'C:\\nodejs\\node.exe',
1 verbose cli   'C:\\nodejs\\node_modules\\npm\\bin\\npm-cli.js',
1 verbose cli   'start' ]
2 info using npm@3.3.6
3 info using node@v5.0.0
4 verbose run-script [ 'prestart', 'start', 'poststart' ]
5 info lifecycle feathers-demo-application@0.1.0~prestart: feathers-demo-application@0.1.0
6 silly lifecycle feathers-demo-application@0.1.0~prestart: no script for prestart, continuing
7 info lifecycle feathers-demo-application@0.1.0~start: feathers-demo-application@0.1.0
8 verbose lifecycle feathers-demo-application@0.1.0~start: unsafe-perm in lifecycle true
9 verbose lifecycle feathers-demo-application@0.1.0~start: PATH: C:\nvm\v5.0.0\node_modules\npm\bin\node-gyp-bin;D:\POCs\feathers_tutorials\my_feather-app\node_modules\.bin;C:\Users\admin\bin;C:\Program Files\Git\mingw64\bin;C:\Program Files\Git\usr\local\bin;C:\Program Files\Git\usr\bin;C:\Program Files\Git\usr\bin;C:\Program Files\Git\mingw64\bin;C:\Program Files\Git\usr\bin;C:\Users\admin\bin;C:\Windows\system32;C:\Windows;C:\Windows\System32\Wbem;C:\Windows\System32\WindowsPowerShell\v1.0;C:\Program Files (x86)\ATI Technologies\ATI.ACE\Core-Static;C:\Program Files\Intel\WiFi\bin;C:\Program Files\Common Files\Intel\WirelessCommon;C:\Program Files (x86)\Skype\Phone;C:\nvm;C:\nodejs;C:\Program Files\Intel\WiFi\bin;C:\Program Files\Common Files\Intel\WirelessCommon;C:\Program Files\MongoDB 2.6 Standard\bin;C:\nvm;C:\nodejs;C:\Program Files\Git\usr\bin\vendor_perl;C:\Program Files\Git\usr\bin\core_perl
10 verbose lifecycle feathers-demo-application@0.1.0~start: CWD: D:\POCs\feathers_tutorials\my_feather-app
11 silly lifecycle feathers-demo-application@0.1.0~start: Args: [ '/d /s /c', 'node app.js' ]
12 silly lifecycle feathers-demo-application@0.1.0~start: Returned: code: 1  signal: null
13 info lifecycle feathers-demo-application@0.1.0~start: Failed to exec start script
14 verbose stack Error: feathers-demo-application@0.1.0 start: `node app.js`
14 verbose stack Exit status 1
14 verbose stack     at EventEmitter.<anonymous> (C:\nvm\v5.0.0\node_modules\npm\lib\utils\lifecycle.js:233:16)
14 verbose stack     at emitTwo (events.js:87:13)
14 verbose stack     at EventEmitter.emit (events.js:172:7)
14 verbose stack     at ChildProcess.<anonymous> (C:\nvm\v5.0.0\node_modules\npm\lib\utils\spawn.js:24:14)
14 verbose stack     at emitTwo (events.js:87:13)
14 verbose stack     at ChildProcess.emit (events.js:172:7)
14 verbose stack     at maybeClose (internal/child_process.js:818:16)
14 verbose stack     at Process.ChildProcess._handle.onexit (internal/child_process.js:211:5)
15 verbose pkgid feathers-demo-application@0.1.0
16 verbose cwd D:\POCs\feathers_tutorials\my_feather-app\services
17 error Windows_NT 6.3.9600
18 error argv "C:\\nodejs\\node.exe" "C:\\nodejs\\node_modules\\npm\\bin\\npm-cli.js" "start"
19 error node v5.0.0
20 error npm  v3.3.6
21 error code ELIFECYCLE
22 error feathers-demo-application@0.1.0 start: `node app.js`
22 error Exit status 1
23 error Failed at the feathers-demo-application@0.1.0 start script 'node app.js'.
23 error This is most likely a problem with the feathers-demo-application package,
23 error not with npm itself.
23 error Tell the author that this fails on your system:
23 error     node app.js
23 error You can get their info via:
23 error     npm owner ls feathers-demo-application
23 error There is likely additional logging output above.
24 verbose exit [ 1, true ]
